Start testing: May 24 10:46 CEST
----------------------------------------------------------
7/8 Testing: uncrustify
7/8 Test: uncrustify
Command: "/usr/bin/python3" "-u" "/opt/ros/humble/share/ament_cmake_test/cmake/run_test.py" "/home/carmendrpr/ros2_ws/src/as2_knowledge_graph_integration/build/test_results/as2_knowledge_graph_integration/uncrustify.xunit.xml" "--package-name" "as2_knowledge_graph_integration" "--output-file" "/home/carmendrpr/ros2_ws/src/as2_knowledge_graph_integration/build/ament_uncrustify/uncrustify.txt" "--command" "/opt/ros/humble/bin/ament_uncrustify" "--xunit-file" "/home/carmendrpr/ros2_ws/src/as2_knowledge_graph_integration/build/test_results/as2_knowledge_graph_integration/uncrustify.xunit.xml" "--exclude" "/home/carmendrpr/ros2_ws/src/as2_knowledge_graph_integration/build/.cmake/api/v1/query/client-vscode/query.json" "/home/carmendrpr/ros2_ws/src/as2_knowledge_graph_integration/build/CMakeFiles/3.22.1/CMakeCCompiler.cmake" "/home/carmendrpr/ros2_ws/src/as2_knowledge_graph_integration/build/CMakeFiles/3.22.1/CMakeCXXCompiler.cmake" "/home/carmendrpr/ros2_ws/src/as2_knowledge_graph_integration/build/CMakeFiles/3.22.1/CMakeDetermineCompilerABI_C.bin" "/home/carmendrpr/ros2_ws/src/as2_knowledge_graph_integration/build/CMakeFiles/3.22.1/CMakeDetermineCompilerABI_CXX.bin" "/home/carmendrpr/ros2_ws/src/as2_knowledge_graph_integration/build/CMakeFiles/3.22.1/CMakeSystem.cmake" "/home/carmendrpr/ros2_ws/src/as2_knowledge_graph_integration/build/CMakeFiles/3.22.1/CompilerIdC/CMakeCCompilerId.c" "/home/carmendrpr/ros2_ws/src/as2_knowledge_graph_integration/build/CMakeFiles/3.22.1/CompilerIdC/a.out" "/home/carmendrpr/ros2_ws/src/as2_knowledge_graph_integration/build/CMakeFiles/3.22.1/CompilerIdCXX/CMakeCXXCompilerId.cpp" "/home/carmendrpr/ros2_ws/src/as2_knowledge_graph_integration/build/CMakeFiles/3.22.1/CompilerIdCXX/a.out" "/home/carmendrpr/ros2_ws/src/as2_knowledge_graph_integration/build/CMakeFiles/CMakeOutput.log" "/home/carmendrpr/ros2_ws/src/as2_knowledge_graph_integration/build/CTestConfiguration.ini" "/home/carmendrpr/ros2_ws/src/as2_knowledge_graph_integration/build/CTestCustom.cmake" "/home/carmendrpr/ros2_ws/src/as2_knowledge_graph_integration/build/ament_cmake_core/package.cmake" "/home/carmendrpr/ros2_ws/src/as2_knowledge_graph_integration/build/ament_cmake_core/stamps/package.xml.stamp" "/home/carmendrpr/ros2_ws/src/as2_knowledge_graph_integration/build/ament_cmake_core/stamps/package_xml_2_cmake.py.stamp" "/home/carmendrpr/ros2_ws/src/as2_knowledge_graph_integration/build/ament_cmake_core/stamps/pythonpath.sh.in.stamp" "/home/carmendrpr/ros2_ws/src/as2_knowledge_graph_integration/build/ament_cmake_core/stamps/templates_2_cmake.py.stamp" "/home/carmendrpr/ros2_ws/src/as2_knowledge_graph_integration/build/ament_cmake_environment_hooks/pythonpath.dsv" "/home/carmendrpr/ros2_ws/src/as2_knowledge_graph_integration/build/ament_cmake_environment_hooks/pythonpath.sh" "/home/carmendrpr/ros2_ws/src/as2_knowledge_graph_integration/build/ament_cmake_package_templates/templates.cmake" "/home/carmendrpr/ros2_ws/src/as2_knowledge_graph_integration/build/ament_cmake_uninstall_target/ament_cmake_uninstall_target.cmake"
Directory: /home/carmendrpr/ros2_ws/src/as2_knowledge_graph_integration
"uncrustify" start time: May 24 10:46 CEST
Output:
----------------------------------------------------------
-- run_test.py: invoking following command in '/home/carmendrpr/ros2_ws/src/as2_knowledge_graph_integration':
 - /opt/ros/humble/bin/ament_uncrustify --xunit-file /home/carmendrpr/ros2_ws/src/as2_knowledge_graph_integration/build/test_results/as2_knowledge_graph_integration/uncrustify.xunit.xml --exclude /home/carmendrpr/ros2_ws/src/as2_knowledge_graph_integration/build/.cmake/api/v1/query/client-vscode/query.json /home/carmendrpr/ros2_ws/src/as2_knowledge_graph_integration/build/CMakeFiles/3.22.1/CMakeCCompiler.cmake /home/carmendrpr/ros2_ws/src/as2_knowledge_graph_integration/build/CMakeFiles/3.22.1/CMakeCXXCompiler.cmake /home/carmendrpr/ros2_ws/src/as2_knowledge_graph_integration/build/CMakeFiles/3.22.1/CMakeDetermineCompilerABI_C.bin /home/carmendrpr/ros2_ws/src/as2_knowledge_graph_integration/build/CMakeFiles/3.22.1/CMakeDetermineCompilerABI_CXX.bin /home/carmendrpr/ros2_ws/src/as2_knowledge_graph_integration/build/CMakeFiles/3.22.1/CMakeSystem.cmake /home/carmendrpr/ros2_ws/src/as2_knowledge_graph_integration/build/CMakeFiles/3.22.1/CompilerIdC/CMakeCCompilerId.c /home/carmendrpr/ros2_ws/src/as2_knowledge_graph_integration/build/CMakeFiles/3.22.1/CompilerIdC/a.out /home/carmendrpr/ros2_ws/src/as2_knowledge_graph_integration/build/CMakeFiles/3.22.1/CompilerIdCXX/CMakeCXXCompilerId.cpp /home/carmendrpr/ros2_ws/src/as2_knowledge_graph_integration/build/CMakeFiles/3.22.1/CompilerIdCXX/a.out /home/carmendrpr/ros2_ws/src/as2_knowledge_graph_integration/build/CMakeFiles/CMakeOutput.log /home/carmendrpr/ros2_ws/src/as2_knowledge_graph_integration/build/CTestConfiguration.ini /home/carmendrpr/ros2_ws/src/as2_knowledge_graph_integration/build/CTestCustom.cmake /home/carmendrpr/ros2_ws/src/as2_knowledge_graph_integration/build/ament_cmake_core/package.cmake /home/carmendrpr/ros2_ws/src/as2_knowledge_graph_integration/build/ament_cmake_core/stamps/package.xml.stamp /home/carmendrpr/ros2_ws/src/as2_knowledge_graph_integration/build/ament_cmake_core/stamps/package_xml_2_cmake.py.stamp /home/carmendrpr/ros2_ws/src/as2_knowledge_graph_integration/build/ament_cmake_core/stamps/pythonpath.sh.in.stamp /home/carmendrpr/ros2_ws/src/as2_knowledge_graph_integration/build/ament_cmake_core/stamps/templates_2_cmake.py.stamp /home/carmendrpr/ros2_ws/src/as2_knowledge_graph_integration/build/ament_cmake_environment_hooks/pythonpath.dsv /home/carmendrpr/ros2_ws/src/as2_knowledge_graph_integration/build/ament_cmake_environment_hooks/pythonpath.sh /home/carmendrpr/ros2_ws/src/as2_knowledge_graph_integration/build/ament_cmake_package_templates/templates.cmake /home/carmendrpr/ros2_ws/src/as2_knowledge_graph_integration/build/ament_cmake_uninstall_target/ament_cmake_uninstall_target.cmake
No files found
-- run_test.py: return code 1
-- run_test.py: generate result file '/home/carmendrpr/ros2_ws/src/as2_knowledge_graph_integration/build/test_results/as2_knowledge_graph_integration/uncrustify.xunit.xml' with failed test
-- run_test.py: verify result file '/home/carmendrpr/ros2_ws/src/as2_knowledge_graph_integration/build/test_results/as2_knowledge_graph_integration/uncrustify.xunit.xml'
<end of output>
Test time =   0.12 sec
----------------------------------------------------------
Test Failed.
"uncrustify" end time: May 24 10:46 CEST
"uncrustify" time elapsed: 00:00:00
----------------------------------------------------------

End testing: May 24 10:46 CEST

linter =   0.12 sec*proc

uncrustify =   0.12 sec*proc

