Start testing: May 22 13:48 CEST
----------------------------------------------------------
8/8 Testing: xmllint
8/8 Test: xmllint
Command: "/usr/bin/python3" "-u" "/opt/ros/humble/share/ament_cmake_test/cmake/run_test.py" "/home/carmendrpr/ros2_ws/src/as2_knowledge_graph_integration/build/test_results/as2_knowledge_graph_integration/xmllint.xunit.xml" "--package-name" "as2_knowledge_graph_integration" "--output-file" "/home/carmendrpr/ros2_ws/src/as2_knowledge_graph_integration/build/ament_xmllint/xmllint.txt" "--command" "/opt/ros/humble/bin/ament_xmllint" "--xunit-file" "/home/carmendrpr/ros2_ws/src/as2_knowledge_graph_integration/build/test_results/as2_knowledge_graph_integration/xmllint.xunit.xml"
Directory: /home/carmendrpr/ros2_ws/src/as2_knowledge_graph_integration
"xmllint" start time: May 22 13:48 CEST
Output:
----------------------------------------------------------
-- run_test.py: invoking following command in '/home/carmendrpr/ros2_ws/src/as2_knowledge_graph_integration':
 - /opt/ros/humble/bin/ament_xmllint --xunit-file /home/carmendrpr/ros2_ws/src/as2_knowledge_graph_integration/build/test_results/as2_knowledge_graph_integration/xmllint.xunit.xml
File 'package.xml' is valid

File 'build/Testing/20240522-1148/Test.xml' is valid

File 'build/test_results/as2_knowledge_graph_integration/copyright.xunit.xml' is valid

File 'build/test_results/as2_knowledge_graph_integration/cppcheck.xunit.xml' is valid

File 'build/test_results/as2_knowledge_graph_integration/cpplint.xunit.xml' is valid

File 'build/test_results/as2_knowledge_graph_integration/flake8.xunit.xml' is valid

File 'build/test_results/as2_knowledge_graph_integration/lint_cmake.xunit.xml' is valid

File 'build/test_results/as2_knowledge_graph_integration/pep257.xunit.xml' is valid

File 'build/test_results/as2_knowledge_graph_integration/uncrustify.xunit.xml' is valid

File 'build/test_results/as2_knowledge_graph_integration/xmllint.xunit.xml' is valid

No problems found
-- run_test.py: return code 0
-- run_test.py: verify result file '/home/carmendrpr/ros2_ws/src/as2_knowledge_graph_integration/build/test_results/as2_knowledge_graph_integration/xmllint.xunit.xml'
<end of output>
Test time =   1.85 sec
----------------------------------------------------------
Test Passed.
"xmllint" end time: May 22 13:48 CEST
"xmllint" time elapsed: 00:00:01
----------------------------------------------------------

End testing: May 22 13:48 CEST

linter =   1.85 sec*proc

xmllint =   1.85 sec*proc

