<?xml version="1.0" encoding="UTF-8"?>
<Site BuildName="(empty)"
	BuildStamp="20240516-0719-Experimental"
	Name="carmendrpr-14Z90P-G-AA79B"
	Generator="ctest-3.22.1"
	CompilerName="/usr/bin/g++"
	CompilerVersion="11.4.0"
	OSName="Linux"
	Hostname="carmendrpr-14Z90P-G-AA79B"
	OSRelease="6.5.0-27-generic"
	OSVersion="#28~22.04.1-Ubuntu SMP PREEMPT_DYNAMIC Fri Mar 15 10:51:06 UTC 2"
	OSPlatform="x86_64"
	Is64Bits="1"
	VendorString="GenuineIntel"
	VendorID="Intel Corporation"
	FamilyID="6"
	ModelID="140"
	ProcessorCacheSize="12288"
	NumberOfLogicalCPU="8"
	NumberOfPhysicalCPU="4"
	TotalVirtualMemory="2047"
	TotalPhysicalMemory="15693"
	LogicalProcessorsPerPhysical="2"
	ProcessorClockFrequency="4074"
	>
	<Testing>
		<StartDateTime>May 16 11:25 CEST</StartDateTime>
		<StartTestTime>1715851504</StartTestTime>
		<TestList/>
		<EndDateTime>May 16 11:25 CEST</EndDateTime>
		<EndTestTime>1715851504</EndTestTime>
		<ElapsedMinutes>0</ElapsedMinutes>
	</Testing>
</Site>
