<?xml version="1.0" encoding="UTF-8"?>
<Site BuildName="(empty)"
	BuildStamp="20240524-0846-Experimental"
	Name="carmendrpr-14Z90P-G-AA79B"
	Generator="ctest-3.22.1"
	CompilerName="/usr/bin/g++"
	CompilerVersion="11.4.0"
	OSName="Linux"
	Hostname="carmendrpr-14Z90P-G-AA79B"
	OSRelease="6.5.0-28-generic"
	OSVersion="#29~22.04.1-Ubuntu SMP PREEMPT_DYNAMIC Thu Apr  4 14:39:20 UTC 2"
	OSPlatform="x86_64"
	Is64Bits="1"
	VendorString="GenuineIntel"
	VendorID="Intel Corporation"
	FamilyID="6"
	ModelID="140"
	ProcessorCacheSize="12288"
	NumberOfLogicalCPU="8"
	NumberOfPhysicalCPU="4"
	TotalVirtualMemory="2047"
	TotalPhysicalMemory="15693"
	LogicalProcessorsPerPhysical="2"
	ProcessorClockFrequency="4058.01"
	>
	<Testing>
		<StartDateTime>May 24 10:46 CEST</StartDateTime>
		<StartTestTime>1716540413</StartTestTime>
		<TestList>
			<Test>./uncrustify</Test>
		</TestList>
		<Test Status="failed">
			<Name>uncrustify</Name>
			<Path>.</Path>
			<FullName>./uncrustify</FullName>
			<FullCommandLine>/usr/bin/python3 "-u" "/opt/ros/humble/share/ament_cmake_test/cmake/run_test.py" "/home/carmendrpr/ros2_ws/src/as2_knowledge_graph_integration/build/test_results/as2_knowledge_graph_integration/uncrustify.xunit.xml" "--package-name" "as2_knowledge_graph_integration" "--output-file" "/home/carmendrpr/ros2_ws/src/as2_knowledge_graph_integration/build/ament_uncrustify/uncrustify.txt" "--command" "/opt/ros/humble/bin/ament_uncrustify" "--xunit-file" "/home/carmendrpr/ros2_ws/src/as2_knowledge_graph_integration/build/test_results/as2_knowledge_graph_integration/uncrustify.xunit.xml" "--exclude" "/home/carmendrpr/ros2_ws/src/as2_knowledge_graph_integration/build/.cmake/api/v1/query/client-vscode/query.json" "/home/carmendrpr/ros2_ws/src/as2_knowledge_graph_integration/build/CMakeFiles/3.22.1/CMakeCCompiler.cmake" "/home/carmendrpr/ros2_ws/src/as2_knowledge_graph_integration/build/CMakeFiles/3.22.1/CMakeCXXCompiler.cmake" "/home/carmendrpr/ros2_ws/src/as2_knowledge_graph_integration/build/CMakeFiles/3.22.1/CMakeDetermineCompilerABI_C.bin" "/home/carmendrpr/ros2_ws/src/as2_knowledge_graph_integration/build/CMakeFiles/3.22.1/CMakeDetermineCompilerABI_CXX.bin" "/home/carmendrpr/ros2_ws/src/as2_knowledge_graph_integration/build/CMakeFiles/3.22.1/CMakeSystem.cmake" "/home/carmendrpr/ros2_ws/src/as2_knowledge_graph_integration/build/CMakeFiles/3.22.1/CompilerIdC/CMakeCCompilerId.c" "/home/carmendrpr/ros2_ws/src/as2_knowledge_graph_integration/build/CMakeFiles/3.22.1/CompilerIdC/a.out" "/home/carmendrpr/ros2_ws/src/as2_knowledge_graph_integration/build/CMakeFiles/3.22.1/CompilerIdCXX/CMakeCXXCompilerId.cpp" "/home/carmendrpr/ros2_ws/src/as2_knowledge_graph_integration/build/CMakeFiles/3.22.1/CompilerIdCXX/a.out" "/home/carmendrpr/ros2_ws/src/as2_knowledge_graph_integration/build/CMakeFiles/CMakeOutput.log" "/home/carmendrpr/ros2_ws/src/as2_knowledge_graph_integration/build/CTestConfiguration.ini" "/home/carmendrpr/ros2_ws/src/as2_knowledge_graph_integration/build/CTestCustom.cmake" "/home/carmendrpr/ros2_ws/src/as2_knowledge_graph_integration/build/ament_cmake_core/package.cmake" "/home/carmendrpr/ros2_ws/src/as2_knowledge_graph_integration/build/ament_cmake_core/stamps/package.xml.stamp" "/home/carmendrpr/ros2_ws/src/as2_knowledge_graph_integration/build/ament_cmake_core/stamps/package_xml_2_cmake.py.stamp" "/home/carmendrpr/ros2_ws/src/as2_knowledge_graph_integration/build/ament_cmake_core/stamps/pythonpath.sh.in.stamp" "/home/carmendrpr/ros2_ws/src/as2_knowledge_graph_integration/build/ament_cmake_core/stamps/templates_2_cmake.py.stamp" "/home/carmendrpr/ros2_ws/src/as2_knowledge_graph_integration/build/ament_cmake_environment_hooks/pythonpath.dsv" "/home/carmendrpr/ros2_ws/src/as2_knowledge_graph_integration/build/ament_cmake_environment_hooks/pythonpath.sh" "/home/carmendrpr/ros2_ws/src/as2_knowledge_graph_integration/build/ament_cmake_package_templates/templates.cmake" "/home/carmendrpr/ros2_ws/src/as2_knowledge_graph_integration/build/ament_cmake_uninstall_target/ament_cmake_uninstall_target.cmake"</FullCommandLine>
			<Results>
				<NamedMeasurement type="text/string" name="Exit Code">
					<Value>Failed</Value>
				</NamedMeasurement>
				<NamedMeasurement type="text/string" name="Exit Value">
					<Value>1</Value>
				</NamedMeasurement>
				<NamedMeasurement type="numeric/double" name="Execution Time">
					<Value>0.117263</Value>
				</NamedMeasurement>
				<NamedMeasurement type="numeric/double" name="Processors">
					<Value>1</Value>
				</NamedMeasurement>
				<NamedMeasurement type="text/string" name="Completion Status">
					<Value>Completed</Value>
				</NamedMeasurement>
				<NamedMeasurement type="text/string" name="Command Line">
					<Value>/usr/bin/python3 "-u" "/opt/ros/humble/share/ament_cmake_test/cmake/run_test.py" "/home/carmendrpr/ros2_ws/src/as2_knowledge_graph_integration/build/test_results/as2_knowledge_graph_integration/uncrustify.xunit.xml" "--package-name" "as2_knowledge_graph_integration" "--output-file" "/home/carmendrpr/ros2_ws/src/as2_knowledge_graph_integration/build/ament_uncrustify/uncrustify.txt" "--command" "/opt/ros/humble/bin/ament_uncrustify" "--xunit-file" "/home/carmendrpr/ros2_ws/src/as2_knowledge_graph_integration/build/test_results/as2_knowledge_graph_integration/uncrustify.xunit.xml" "--exclude" "/home/carmendrpr/ros2_ws/src/as2_knowledge_graph_integration/build/.cmake/api/v1/query/client-vscode/query.json" "/home/carmendrpr/ros2_ws/src/as2_knowledge_graph_integration/build/CMakeFiles/3.22.1/CMakeCCompiler.cmake" "/home/carmendrpr/ros2_ws/src/as2_knowledge_graph_integration/build/CMakeFiles/3.22.1/CMakeCXXCompiler.cmake" "/home/carmendrpr/ros2_ws/src/as2_knowledge_graph_integration/build/CMakeFiles/3.22.1/CMakeDetermineCompilerABI_C.bin" "/home/carmendrpr/ros2_ws/src/as2_knowledge_graph_integration/build/CMakeFiles/3.22.1/CMakeDetermineCompilerABI_CXX.bin" "/home/carmendrpr/ros2_ws/src/as2_knowledge_graph_integration/build/CMakeFiles/3.22.1/CMakeSystem.cmake" "/home/carmendrpr/ros2_ws/src/as2_knowledge_graph_integration/build/CMakeFiles/3.22.1/CompilerIdC/CMakeCCompilerId.c" "/home/carmendrpr/ros2_ws/src/as2_knowledge_graph_integration/build/CMakeFiles/3.22.1/CompilerIdC/a.out" "/home/carmendrpr/ros2_ws/src/as2_knowledge_graph_integration/build/CMakeFiles/3.22.1/CompilerIdCXX/CMakeCXXCompilerId.cpp" "/home/carmendrpr/ros2_ws/src/as2_knowledge_graph_integration/build/CMakeFiles/3.22.1/CompilerIdCXX/a.out" "/home/carmendrpr/ros2_ws/src/as2_knowledge_graph_integration/build/CMakeFiles/CMakeOutput.log" "/home/carmendrpr/ros2_ws/src/as2_knowledge_graph_integration/build/CTestConfiguration.ini" "/home/carmendrpr/ros2_ws/src/as2_knowledge_graph_integration/build/CTestCustom.cmake" "/home/carmendrpr/ros2_ws/src/as2_knowledge_graph_integration/build/ament_cmake_core/package.cmake" "/home/carmendrpr/ros2_ws/src/as2_knowledge_graph_integration/build/ament_cmake_core/stamps/package.xml.stamp" "/home/carmendrpr/ros2_ws/src/as2_knowledge_graph_integration/build/ament_cmake_core/stamps/package_xml_2_cmake.py.stamp" "/home/carmendrpr/ros2_ws/src/as2_knowledge_graph_integration/build/ament_cmake_core/stamps/pythonpath.sh.in.stamp" "/home/carmendrpr/ros2_ws/src/as2_knowledge_graph_integration/build/ament_cmake_core/stamps/templates_2_cmake.py.stamp" "/home/carmendrpr/ros2_ws/src/as2_knowledge_graph_integration/build/ament_cmake_environment_hooks/pythonpath.dsv" "/home/carmendrpr/ros2_ws/src/as2_knowledge_graph_integration/build/ament_cmake_environment_hooks/pythonpath.sh" "/home/carmendrpr/ros2_ws/src/as2_knowledge_graph_integration/build/ament_cmake_package_templates/templates.cmake" "/home/carmendrpr/ros2_ws/src/as2_knowledge_graph_integration/build/ament_cmake_uninstall_target/ament_cmake_uninstall_target.cmake"</Value>
				</NamedMeasurement>
				<NamedMeasurement type="text/string" name="Environment">
					<Value>#CTEST_RESOURCE_GROUP_COUNT=</Value>
				</NamedMeasurement>
				<Measurement>
					<Value encoding="base64" compression="gzip">eJzNlj1v2zAQhnf/Cm6eRMLOlq1VUcBDm6EdtBE0eZZY86v8kO1/35PUJGgMtEMkoRtxB93z3vlMvlVFYnE8Q8o03B6Jdr0/a9eSkzfGX4aT9NYKpzBFtqzzFpgU0YJTMUQWfdrzS2IpSibweHb+YkC1wNsoQse1y4CnrL3bPm5IRZgPefiKdcUeDbCjdkxgtcyLk7GkrE83UlXX4nSuTtoAeQ+THYs2ig3t8QipmJz++cmrDjqqoFdrUBFcpSlqFjlUWnEGJoJm/Y79LBBvTBqNQ6j6JL2CKUZ/JO/m4NVfEPcZZ5nYA93v6W6K1LW3AaNx0rMkqWlWY32CDNFqB8/EDx8PvKa4Z6tDm2Zh7LdbymAXHenvfg6qfrM0B0Xl8kxBfcmLY5rmbk+H9kJYg7xEi+PxqeRQMjW+naX6d7xEa+9Oui1Tgmqn56uMV66fcZWnN2Usx6WPwIKQZ9HCgoSUhQ3pBYTPBh1DK8A4wvh+yuM7vgL3ljvvgsgdTR0uwvJEvOiCEfiSL94nuF5H78ZI5/35j25V6lflpW5u3PPKvAz0dbTL/DnQRDn8oYzhWcQW8l+Tk4TNV08G85fQhxanNtUbmxohl+jI4JXI7i7bggNUA2SyfGOl93nXuXzkllx07shJoCJFhnJ34nuIgwX+/6RvfgHVc5hZ====</Value>
				</Measurement>
			</Results>
			<Labels>
				<Label>linter</Label>
				<Label>uncrustify</Label>
			</Labels>
		</Test>
		<EndDateTime>May 24 10:46 CEST</EndDateTime>
		<EndTestTime>1716540413</EndTestTime>
		<ElapsedMinutes>0</ElapsedMinutes>
	</Testing>
</Site>
