<?xml version="1.0" encoding="UTF-8"?>
<Site BuildName="(empty)"
	BuildStamp="20240522-1148-Experimental"
	Name="carmendrpr-14Z90P-G-AA79B"
	Generator="ctest-3.22.1"
	CompilerName="/usr/bin/g++"
	CompilerVersion="11.4.0"
	OSName="Linux"
	Hostname="carmendrpr-14Z90P-G-AA79B"
	OSRelease="6.5.0-28-generic"
	OSVersion="#29~22.04.1-Ubuntu SMP PREEMPT_DYNAMIC Thu Apr  4 14:39:20 UTC 2"
	OSPlatform="x86_64"
	Is64Bits="1"
	VendorString="GenuineIntel"
	VendorID="Intel Corporation"
	FamilyID="6"
	ModelID="140"
	ProcessorCacheSize="12288"
	NumberOfLogicalCPU="8"
	NumberOfPhysicalCPU="4"
	TotalVirtualMemory="2047"
	TotalPhysicalMemory="15693"
	LogicalProcessorsPerPhysical="2"
	ProcessorClockFrequency="2800"
	>
	<Testing>
		<StartDateTime>May 22 13:48 CEST</StartDateTime>
		<StartTestTime>1716378535</StartTestTime>
		<TestList>
			<Test>./xmllint</Test>
		</TestList>
		<Test Status="passed">
			<Name>xmllint</Name>
			<Path>.</Path>
			<FullName>./xmllint</FullName>
			<FullCommandLine>/usr/bin/python3 "-u" "/opt/ros/humble/share/ament_cmake_test/cmake/run_test.py" "/home/carmendrpr/ros2_ws/src/as2_knowledge_graph_integration/build/test_results/as2_knowledge_graph_integration/xmllint.xunit.xml" "--package-name" "as2_knowledge_graph_integration" "--output-file" "/home/carmendrpr/ros2_ws/src/as2_knowledge_graph_integration/build/ament_xmllint/xmllint.txt" "--command" "/opt/ros/humble/bin/ament_xmllint" "--xunit-file" "/home/carmendrpr/ros2_ws/src/as2_knowledge_graph_integration/build/test_results/as2_knowledge_graph_integration/xmllint.xunit.xml"</FullCommandLine>
			<Results>
				<NamedMeasurement type="numeric/double" name="Execution Time">
					<Value>1.85004</Value>
				</NamedMeasurement>
				<NamedMeasurement type="numeric/double" name="Processors">
					<Value>1</Value>
				</NamedMeasurement>
				<NamedMeasurement type="text/string" name="Completion Status">
					<Value>Completed</Value>
				</NamedMeasurement>
				<NamedMeasurement type="text/string" name="Command Line">
					<Value>/usr/bin/python3 "-u" "/opt/ros/humble/share/ament_cmake_test/cmake/run_test.py" "/home/carmendrpr/ros2_ws/src/as2_knowledge_graph_integration/build/test_results/as2_knowledge_graph_integration/xmllint.xunit.xml" "--package-name" "as2_knowledge_graph_integration" "--output-file" "/home/carmendrpr/ros2_ws/src/as2_knowledge_graph_integration/build/ament_xmllint/xmllint.txt" "--command" "/opt/ros/humble/bin/ament_xmllint" "--xunit-file" "/home/carmendrpr/ros2_ws/src/as2_knowledge_graph_integration/build/test_results/as2_knowledge_graph_integration/xmllint.xunit.xml"</Value>
				</NamedMeasurement>
				<NamedMeasurement type="text/string" name="Environment">
					<Value>#CTEST_RESOURCE_GROUP_COUNT=</Value>
				</NamedMeasurement>
				<Measurement>
					<Value encoding="base64" compression="gzip">eJytlM1uwjAMx+99itx6CoEKNMQD7LjT7lFI3DZqvpSPAm8/FziwIW2ayM2J45//sWxTSmJxPEPKq3A5EO1mP2k3kN4b40+LJb21wil0kZaN3gKTIlpwKobIok8dPyWWomQCzcn5kwE1AB+iCCPXLgNaWXvXHhpCCfMhL1FsLPZogB21YwJpmZ+tMficUHouTmfaawPklYTsWLRRbPkbj5CKyenPkLuI1VXCCk/N+yKjDUJOYoDlpiU6kVkYrZq785bnE/NgvVi37rbrXdfRzWa7v97+FvUvddKHS9TD+KCvDjcEOYKc6mO/F7MKtTdign1l6KKTS4vkyuAAodu9VYYWJ2PBbusvlcFP7f9I/fAkRI9DaxOuh+JUQ39sjwi5RIcbQwFZP3lniKiY3LSQ63i/tFCqzHfbfAH07N1z====</Value>
				</Measurement>
			</Results>
			<Labels>
				<Label>linter</Label>
				<Label>xmllint</Label>
			</Labels>
		</Test>
		<EndDateTime>May 22 13:48 CEST</EndDateTime>
		<EndTestTime>1716378537</EndTestTime>
		<ElapsedMinutes>0</ElapsedMinutes>
	</Testing>
</Site>
