<?xml version="1.0" encoding="UTF-8"?>
<testsuite
  name="as2_knowledge_graph_integration.copyright"
  tests="23"
  errors="0"
  failures="15"
  time="0.247"
>
  <testcase
    name="CONTRIBUTING.md"
    classname="as2_knowledge_graph_integration.copyright"/>
  <testcase
    name="LICENSE"
    classname="as2_knowledge_graph_integration.copyright"/>
  <testcase
    name="as2_knowledge_graph_integration/__init__.py"
    classname="as2_knowledge_graph_integration.copyright"/>
  <testcase
    name="as2_knowledge_graph_integration/integration.py"
    classname="as2_knowledge_graph_integration.copyright"/>
  <testcase
    name="as2_knowledge_graph_integration/utils.py"
    classname="as2_knowledge_graph_integration.copyright"/>
  <testcase
    name="build/CMakeFiles/CMakeDirectoryInformation.cmake"
    classname="as2_knowledge_graph_integration.copyright"
  >
      <failure message="could not find copyright notice"/>
  </testcase>
  <testcase
    name="build/CMakeFiles/Makefile.cmake"
    classname="as2_knowledge_graph_integration.copyright"
  >
      <failure message="could not find copyright notice"/>
  </testcase>
  <testcase
    name="build/CMakeFiles/ament_cmake_python_build_as2_knowledge_graph_integration_egg.dir/DependInfo.cmake"
    classname="as2_knowledge_graph_integration.copyright"
  >
      <failure message="could not find copyright notice"/>
  </testcase>
  <testcase
    name="build/CMakeFiles/ament_cmake_python_build_as2_knowledge_graph_integration_egg.dir/cmake_clean.cmake"
    classname="as2_knowledge_graph_integration.copyright"
  >
      <failure message="could not find copyright notice"/>
  </testcase>
  <testcase
    name="build/CMakeFiles/ament_cmake_python_copy_as2_knowledge_graph_integration.dir/DependInfo.cmake"
    classname="as2_knowledge_graph_integration.copyright"
  >
      <failure message="could not find copyright notice"/>
  </testcase>
  <testcase
    name="build/CMakeFiles/ament_cmake_python_copy_as2_knowledge_graph_integration.dir/cmake_clean.cmake"
    classname="as2_knowledge_graph_integration.copyright"
  >
      <failure message="could not find copyright notice"/>
  </testcase>
  <testcase
    name="build/CMakeFiles/as2_knowledge_graph_integration_uninstall.dir/DependInfo.cmake"
    classname="as2_knowledge_graph_integration.copyright"
  >
      <failure message="could not find copyright notice"/>
  </testcase>
  <testcase
    name="build/CMakeFiles/as2_knowledge_graph_integration_uninstall.dir/cmake_clean.cmake"
    classname="as2_knowledge_graph_integration.copyright"
  >
      <failure message="could not find copyright notice"/>
  </testcase>
  <testcase
    name="build/CMakeFiles/uninstall.dir/DependInfo.cmake"
    classname="as2_knowledge_graph_integration.copyright"
  >
      <failure message="could not find copyright notice"/>
  </testcase>
  <testcase
    name="build/CMakeFiles/uninstall.dir/cmake_clean.cmake"
    classname="as2_knowledge_graph_integration.copyright"
  >
      <failure message="could not find copyright notice"/>
  </testcase>
  <testcase
    name="build/CTestTestfile.cmake"
    classname="as2_knowledge_graph_integration.copyright"
  >
      <failure message="could not find copyright notice"/>
  </testcase>
  <testcase
    name="build/ament_cmake_core/as2_knowledge_graph_integrationConfig-version.cmake"
    classname="as2_knowledge_graph_integration.copyright"
  >
      <failure message="could not find copyright notice"/>
  </testcase>
  <testcase
    name="build/ament_cmake_core/as2_knowledge_graph_integrationConfig.cmake"
    classname="as2_knowledge_graph_integration.copyright"
  >
      <failure message="could not find copyright notice"/>
  </testcase>
  <testcase
    name="build/ament_cmake_python/as2_knowledge_graph_integration/as2_knowledge_graph_integration/__init__.py"
    classname="as2_knowledge_graph_integration.copyright"/>
  <testcase
    name="build/ament_cmake_python/as2_knowledge_graph_integration/as2_knowledge_graph_integration/integration.py"
    classname="as2_knowledge_graph_integration.copyright"/>
  <testcase
    name="build/ament_cmake_python/as2_knowledge_graph_integration/as2_knowledge_graph_integration/utils.py"
    classname="as2_knowledge_graph_integration.copyright"/>
  <testcase
    name="build/ament_cmake_python/as2_knowledge_graph_integration/setup.py"
    classname="as2_knowledge_graph_integration.copyright"
  >
      <failure message="could not find copyright notice"/>
  </testcase>
  <testcase
    name="build/cmake_install.cmake"
    classname="as2_knowledge_graph_integration.copyright"
  >
      <failure message="could not find copyright notice"/>
  </testcase>
  <system-out>Checked files:
* CONTRIBUTING.md
* LICENSE
* as2_knowledge_graph_integration/__init__.py
* as2_knowledge_graph_integration/integration.py
* as2_knowledge_graph_integration/utils.py
* build/CMakeFiles/CMakeDirectoryInformation.cmake
* build/CMakeFiles/Makefile.cmake
* build/CMakeFiles/ament_cmake_python_build_as2_knowledge_graph_integration_egg.dir/DependInfo.cmake
* build/CMakeFiles/ament_cmake_python_build_as2_knowledge_graph_integration_egg.dir/cmake_clean.cmake
* build/CMakeFiles/ament_cmake_python_copy_as2_knowledge_graph_integration.dir/DependInfo.cmake
* build/CMakeFiles/ament_cmake_python_copy_as2_knowledge_graph_integration.dir/cmake_clean.cmake
* build/CMakeFiles/as2_knowledge_graph_integration_uninstall.dir/DependInfo.cmake
* build/CMakeFiles/as2_knowledge_graph_integration_uninstall.dir/cmake_clean.cmake
* build/CMakeFiles/uninstall.dir/DependInfo.cmake
* build/CMakeFiles/uninstall.dir/cmake_clean.cmake
* build/CTestTestfile.cmake
* build/ament_cmake_core/as2_knowledge_graph_integrationConfig-version.cmake
* build/ament_cmake_core/as2_knowledge_graph_integrationConfig.cmake
* build/ament_cmake_python/as2_knowledge_graph_integration/as2_knowledge_graph_integration/__init__.py
* build/ament_cmake_python/as2_knowledge_graph_integration/as2_knowledge_graph_integration/integration.py
* build/ament_cmake_python/as2_knowledge_graph_integration/as2_knowledge_graph_integration/utils.py
* build/ament_cmake_python/as2_knowledge_graph_integration/setup.py
* build/cmake_install.cmake</system-out>
</testsuite>
