<?xml version="1.0" encoding="UTF-8"?>
<testsuite
  name="as2_knowledge_graph_integration.flake8"
  tests="30"
  errors="0"
  failures="30"
  time="0.297"
>
  <testcase
    name="F401 (./build/ament_cmake_python/as2_knowledge_graph_integration/as2_knowledge_graph_integration/utils.py:30:1)"
    classname="as2_knowledge_graph_integration.flake8"
  >
      <failure message="'knowledge_graph_msgs.msg.Content' imported but unused:&#10;from knowledge_graph_msgs.msg import Node, Edge, Content, Property&#10;"/>
  </testcase>
  <testcase
    name="I101 (./build/ament_cmake_python/as2_knowledge_graph_integration/as2_knowledge_graph_integration/utils.py:30:1)"
    classname="as2_knowledge_graph_integration.flake8"
  >
      <failure message="Imported names are in the wrong order. Should be Content, Edge, Node, Property:&#10;from knowledge_graph_msgs.msg import Node, Edge, Content, Property&#10;"/>
  </testcase>
  <testcase
    name="F401 (./build/ament_cmake_python/as2_knowledge_graph_integration/as2_knowledge_graph_integration/integration.py:31:1)"
    classname="as2_knowledge_graph_integration.flake8"
  >
      <failure message="'time' imported but unused:&#10;import time&#10;"/>
  </testcase>
  <testcase
    name="I100 (./build/ament_cmake_python/as2_knowledge_graph_integration/as2_knowledge_graph_integration/integration.py:31:1)"
    classname="as2_knowledge_graph_integration.flake8"
  >
      <failure message="Import statements are in the wrong order. 'import time' should be before 'import utils' and in a different group.:&#10;import time&#10;"/>
  </testcase>
  <testcase
    name="I201 (./build/ament_cmake_python/as2_knowledge_graph_integration/as2_knowledge_graph_integration/integration.py:31:1)"
    classname="as2_knowledge_graph_integration.flake8"
  >
      <failure message="Missing newline between import groups. 'import time' is identified as Stdlib and 'import utils' is identified as Third Party.:&#10;import time&#10;"/>
  </testcase>
  <testcase
    name="I201 (./build/ament_cmake_python/as2_knowledge_graph_integration/as2_knowledge_graph_integration/integration.py:32:1)"
    classname="as2_knowledge_graph_integration.flake8"
  >
      <failure message="Missing newline between import groups. 'from geometry_msgs.msg import PoseStamped' is identified as Third Party and 'import time' is identified as Stdlib.:&#10;from geometry_msgs.msg import PoseStamped&#10;"/>
  </testcase>
  <testcase
    name="F401 (./build/ament_cmake_python/as2_knowledge_graph_integration/as2_knowledge_graph_integration/integration.py:33:1)"
    classname="as2_knowledge_graph_integration.flake8"
  >
      <failure message="'as2_knowledge_graph_msgs.srv.ReadGraph' imported but unused:&#10;from as2_knowledge_graph_msgs.srv import ReadGraph, CreateNode, CreateEdge&#10;"/>
  </testcase>
  <testcase
    name="I101 (./build/ament_cmake_python/as2_knowledge_graph_integration/as2_knowledge_graph_integration/integration.py:33:1)"
    classname="as2_knowledge_graph_integration.flake8"
  >
      <failure message="Imported names are in the wrong order. Should be CreateEdge, CreateNode, ReadGraph:&#10;from as2_knowledge_graph_msgs.srv import ReadGraph, CreateNode, CreateEdge&#10;"/>
  </testcase>
  <testcase
    name="I100 (./build/ament_cmake_python/as2_knowledge_graph_integration/as2_knowledge_graph_integration/integration.py:33:1)"
    classname="as2_knowledge_graph_integration.flake8"
  >
      <failure message="Import statements are in the wrong order. 'from as2_knowledge_graph_msgs.srv import ReadGraph, CreateNode, CreateEdge' should be before 'from geometry_msgs.msg import PoseStamped':&#10;from as2_knowledge_graph_msgs.srv import ReadGraph, CreateNode, CreateEdge&#10;"/>
  </testcase>
  <testcase
    name="F401 (./build/ament_cmake_python/as2_knowledge_graph_integration/as2_knowledge_graph_integration/integration.py:36:1)"
    classname="as2_knowledge_graph_integration.flake8"
  >
      <failure message="'rclpy.qos.qos_profile_system_default' imported but unused:&#10;from rclpy.qos import qos_profile_sensor_data, qos_profile_system_default&#10;"/>
  </testcase>
  <testcase
    name="E501 (./build/ament_cmake_python/as2_knowledge_graph_integration/as2_knowledge_graph_integration/integration.py:52:100)"
    classname="as2_knowledge_graph_integration.flake8"
  >
      <failure message="line too long (100 &gt; 99 characters):&#10;            PoseStamped, 'self_localization/pose', self.read_pose_callback, qos_profile_sensor_data)&#10;"/>
  </testcase>
  <testcase
    name="D400 (./build/ament_cmake_python/as2_knowledge_graph_integration/as2_knowledge_graph_integration/integration.py:79:1)"
    classname="as2_knowledge_graph_integration.flake8"
  >
      <failure message='First line should end with a period:&#10;        """Call for the pose info topic"""&#10;'/>
  </testcase>
  <testcase
    name="Q000 (./build/ament_cmake_python/as2_knowledge_graph_integration/as2_knowledge_graph_integration/integration.py:92:56)"
    classname="as2_knowledge_graph_integration.flake8"
  >
      <failure message='Double quotes found but single quotes preferred:&#10;        req_status.node = utils.node_format(class_name="status", node_name="flying")&#10;'/>
  </testcase>
  <testcase
    name="Q000 (./build/ament_cmake_python/as2_knowledge_graph_integration/as2_knowledge_graph_integration/integration.py:92:76)"
    classname="as2_knowledge_graph_integration.flake8"
  >
      <failure message='Double quotes found but single quotes preferred:&#10;        req_status.node = utils.node_format(class_name="status", node_name="flying")&#10;'/>
  </testcase>
  <testcase
    name="F811 (./build/ament_cmake_python/as2_knowledge_graph_integration/as2_knowledge_graph_integration/integration.py:145:5)"
    classname="as2_knowledge_graph_integration.flake8"
  >
      <failure message="redefinition of unused 'time' from line 31:&#10;    import time&#10;"/>
  </testcase>
  <testcase
    name="F401 (./as2_knowledge_graph_integration/utils.py:30:1)"
    classname="as2_knowledge_graph_integration.flake8"
  >
      <failure message="'knowledge_graph_msgs.msg.Content' imported but unused:&#10;from knowledge_graph_msgs.msg import Node, Edge, Content, Property&#10;"/>
  </testcase>
  <testcase
    name="I101 (./as2_knowledge_graph_integration/utils.py:30:1)"
    classname="as2_knowledge_graph_integration.flake8"
  >
      <failure message="Imported names are in the wrong order. Should be Content, Edge, Node, Property:&#10;from knowledge_graph_msgs.msg import Node, Edge, Content, Property&#10;"/>
  </testcase>
  <testcase
    name="F401 (./as2_knowledge_graph_integration/integration.py:31:1)"
    classname="as2_knowledge_graph_integration.flake8"
  >
      <failure message="'time' imported but unused:&#10;import time&#10;"/>
  </testcase>
  <testcase
    name="I100 (./as2_knowledge_graph_integration/integration.py:31:1)"
    classname="as2_knowledge_graph_integration.flake8"
  >
      <failure message="Import statements are in the wrong order. 'import time' should be before 'import utils' and in a different group.:&#10;import time&#10;"/>
  </testcase>
  <testcase
    name="I201 (./as2_knowledge_graph_integration/integration.py:31:1)"
    classname="as2_knowledge_graph_integration.flake8"
  >
      <failure message="Missing newline between import groups. 'import time' is identified as Stdlib and 'import utils' is identified as Third Party.:&#10;import time&#10;"/>
  </testcase>
  <testcase
    name="I201 (./as2_knowledge_graph_integration/integration.py:32:1)"
    classname="as2_knowledge_graph_integration.flake8"
  >
      <failure message="Missing newline between import groups. 'from geometry_msgs.msg import PoseStamped' is identified as Third Party and 'import time' is identified as Stdlib.:&#10;from geometry_msgs.msg import PoseStamped&#10;"/>
  </testcase>
  <testcase
    name="F401 (./as2_knowledge_graph_integration/integration.py:33:1)"
    classname="as2_knowledge_graph_integration.flake8"
  >
      <failure message="'as2_knowledge_graph_msgs.srv.ReadGraph' imported but unused:&#10;from as2_knowledge_graph_msgs.srv import ReadGraph, CreateNode, CreateEdge&#10;"/>
  </testcase>
  <testcase
    name="I101 (./as2_knowledge_graph_integration/integration.py:33:1)"
    classname="as2_knowledge_graph_integration.flake8"
  >
      <failure message="Imported names are in the wrong order. Should be CreateEdge, CreateNode, ReadGraph:&#10;from as2_knowledge_graph_msgs.srv import ReadGraph, CreateNode, CreateEdge&#10;"/>
  </testcase>
  <testcase
    name="I100 (./as2_knowledge_graph_integration/integration.py:33:1)"
    classname="as2_knowledge_graph_integration.flake8"
  >
      <failure message="Import statements are in the wrong order. 'from as2_knowledge_graph_msgs.srv import ReadGraph, CreateNode, CreateEdge' should be before 'from geometry_msgs.msg import PoseStamped':&#10;from as2_knowledge_graph_msgs.srv import ReadGraph, CreateNode, CreateEdge&#10;"/>
  </testcase>
  <testcase
    name="F401 (./as2_knowledge_graph_integration/integration.py:36:1)"
    classname="as2_knowledge_graph_integration.flake8"
  >
      <failure message="'rclpy.qos.qos_profile_system_default' imported but unused:&#10;from rclpy.qos import qos_profile_sensor_data, qos_profile_system_default&#10;"/>
  </testcase>
  <testcase
    name="E501 (./as2_knowledge_graph_integration/integration.py:52:100)"
    classname="as2_knowledge_graph_integration.flake8"
  >
      <failure message="line too long (100 &gt; 99 characters):&#10;            PoseStamped, 'self_localization/pose', self.read_pose_callback, qos_profile_sensor_data)&#10;"/>
  </testcase>
  <testcase
    name="D400 (./as2_knowledge_graph_integration/integration.py:79:1)"
    classname="as2_knowledge_graph_integration.flake8"
  >
      <failure message='First line should end with a period:&#10;        """Call for the pose info topic"""&#10;'/>
  </testcase>
  <testcase
    name="Q000 (./as2_knowledge_graph_integration/integration.py:92:56)"
    classname="as2_knowledge_graph_integration.flake8"
  >
      <failure message='Double quotes found but single quotes preferred:&#10;        req_status.node = utils.node_format(class_name="status", node_name="flying")&#10;'/>
  </testcase>
  <testcase
    name="Q000 (./as2_knowledge_graph_integration/integration.py:92:76)"
    classname="as2_knowledge_graph_integration.flake8"
  >
      <failure message='Double quotes found but single quotes preferred:&#10;        req_status.node = utils.node_format(class_name="status", node_name="flying")&#10;'/>
  </testcase>
  <testcase
    name="F811 (./as2_knowledge_graph_integration/integration.py:145:5)"
    classname="as2_knowledge_graph_integration.flake8"
  >
      <failure message="redefinition of unused 'time' from line 31:&#10;    import time&#10;"/>
  </testcase>
  <system-out>Checked files:
* ./build/ament_cmake_python/as2_knowledge_graph_integration/setup.py
* ./build/ament_cmake_python/as2_knowledge_graph_integration/as2_knowledge_graph_integration/utils.py
* ./build/ament_cmake_python/as2_knowledge_graph_integration/as2_knowledge_graph_integration/integration.py
* ./build/ament_cmake_python/as2_knowledge_graph_integration/as2_knowledge_graph_integration/__init__.py
* ./as2_knowledge_graph_integration/utils.py
* ./as2_knowledge_graph_integration/integration.py
* ./as2_knowledge_graph_integration/__init__.py</system-out>
</testsuite>
