<?xml version="1.0" encoding="UTF-8"?>
<testsuite
  name="as2_knowledge_graph_integration.lint_cmake"
  tests="95"
  errors="0"
  failures="89"
  time="0.068"
>
  <testcase
    name="whitespace/eol (CMakeLists.txt:39)"
    classname="as2_knowledge_graph_integration.lint_cmake"
  >
      <failure message="Line ends in whitespace"/>
  </testcase>
  <testcase
    name="build/CTestCustom.cmake"
    classname="as2_knowledge_graph_integration.lint_cmake"/>
  <testcase
    name="whitespace/eol (build/CTestTestfile.cmake:1)"
    classname="as2_knowledge_graph_integration.lint_cmake"
  >
      <failure message="Line ends in whitespace"/>
  </testcase>
  <testcase
    name="whitespace/eol (build/CTestTestfile.cmake:4)"
    classname="as2_knowledge_graph_integration.lint_cmake"
  >
      <failure message="Line ends in whitespace"/>
  </testcase>
  <testcase
    name="whitespace/eol (build/CTestTestfile.cmake:5)"
    classname="as2_knowledge_graph_integration.lint_cmake"
  >
      <failure message="Line ends in whitespace"/>
  </testcase>
  <testcase
    name="linelength (build/CTestTestfile.cmake:7)"
    classname="as2_knowledge_graph_integration.lint_cmake"
  >
      <failure message="Lines should be &lt;= 140 characters long"/>
  </testcase>
  <testcase
    name="linelength (build/CTestTestfile.cmake:8)"
    classname="as2_knowledge_graph_integration.lint_cmake"
  >
      <failure message="Lines should be &lt;= 140 characters long"/>
  </testcase>
  <testcase
    name="linelength (build/CTestTestfile.cmake:9)"
    classname="as2_knowledge_graph_integration.lint_cmake"
  >
      <failure message="Lines should be &lt;= 140 characters long"/>
  </testcase>
  <testcase
    name="linelength (build/CTestTestfile.cmake:10)"
    classname="as2_knowledge_graph_integration.lint_cmake"
  >
      <failure message="Lines should be &lt;= 140 characters long"/>
  </testcase>
  <testcase
    name="linelength (build/CTestTestfile.cmake:11)"
    classname="as2_knowledge_graph_integration.lint_cmake"
  >
      <failure message="Lines should be &lt;= 140 characters long"/>
  </testcase>
  <testcase
    name="linelength (build/CTestTestfile.cmake:12)"
    classname="as2_knowledge_graph_integration.lint_cmake"
  >
      <failure message="Lines should be &lt;= 140 characters long"/>
  </testcase>
  <testcase
    name="linelength (build/CTestTestfile.cmake:13)"
    classname="as2_knowledge_graph_integration.lint_cmake"
  >
      <failure message="Lines should be &lt;= 140 characters long"/>
  </testcase>
  <testcase
    name="linelength (build/CTestTestfile.cmake:14)"
    classname="as2_knowledge_graph_integration.lint_cmake"
  >
      <failure message="Lines should be &lt;= 140 characters long"/>
  </testcase>
  <testcase
    name="linelength (build/CTestTestfile.cmake:15)"
    classname="as2_knowledge_graph_integration.lint_cmake"
  >
      <failure message="Lines should be &lt;= 140 characters long"/>
  </testcase>
  <testcase
    name="linelength (build/CTestTestfile.cmake:16)"
    classname="as2_knowledge_graph_integration.lint_cmake"
  >
      <failure message="Lines should be &lt;= 140 characters long"/>
  </testcase>
  <testcase
    name="linelength (build/CTestTestfile.cmake:17)"
    classname="as2_knowledge_graph_integration.lint_cmake"
  >
      <failure message="Lines should be &lt;= 140 characters long"/>
  </testcase>
  <testcase
    name="linelength (build/CTestTestfile.cmake:18)"
    classname="as2_knowledge_graph_integration.lint_cmake"
  >
      <failure message="Lines should be &lt;= 140 characters long"/>
  </testcase>
  <testcase
    name="linelength (build/CTestTestfile.cmake:19)"
    classname="as2_knowledge_graph_integration.lint_cmake"
  >
      <failure message="Lines should be &lt;= 140 characters long"/>
  </testcase>
  <testcase
    name="linelength (build/CTestTestfile.cmake:20)"
    classname="as2_knowledge_graph_integration.lint_cmake"
  >
      <failure message="Lines should be &lt;= 140 characters long"/>
  </testcase>
  <testcase
    name="linelength (build/CTestTestfile.cmake:21)"
    classname="as2_knowledge_graph_integration.lint_cmake"
  >
      <failure message="Lines should be &lt;= 140 characters long"/>
  </testcase>
  <testcase
    name="linelength (build/CTestTestfile.cmake:22)"
    classname="as2_knowledge_graph_integration.lint_cmake"
  >
      <failure message="Lines should be &lt;= 140 characters long"/>
  </testcase>
  <testcase
    name="whitespace/indent (build/cmake_install.cmake:13)"
    classname="as2_knowledge_graph_integration.lint_cmake"
  >
      <failure message="Weird indentation; use 2 spaces"/>
  </testcase>
  <testcase
    name="linelength (build/cmake_install.cmake:46)"
    classname="as2_knowledge_graph_integration.lint_cmake"
  >
      <failure message="Lines should be &lt;= 140 characters long"/>
  </testcase>
  <testcase
    name="linelength (build/cmake_install.cmake:50)"
    classname="as2_knowledge_graph_integration.lint_cmake"
  >
      <failure message="Lines should be &lt;= 140 characters long"/>
  </testcase>
  <testcase
    name="linelength (build/cmake_install.cmake:54)"
    classname="as2_knowledge_graph_integration.lint_cmake"
  >
      <failure message="Lines should be &lt;= 140 characters long"/>
  </testcase>
  <testcase
    name="linelength (build/cmake_install.cmake:58)"
    classname="as2_knowledge_graph_integration.lint_cmake"
  >
      <failure message="Lines should be &lt;= 140 characters long"/>
  </testcase>
  <testcase
    name="whitespace/mismatch (build/cmake_install.cmake:62)"
    classname="as2_knowledge_graph_integration.lint_cmake"
  >
      <failure message="Mismatching spaces inside () after command"/>
  </testcase>
  <testcase
    name="whitespace/mismatch (build/cmake_install.cmake:70)"
    classname="as2_knowledge_graph_integration.lint_cmake"
  >
      <failure message="Mismatching spaces inside () after command"/>
  </testcase>
  <testcase
    name="linelength (build/cmake_install.cmake:77)"
    classname="as2_knowledge_graph_integration.lint_cmake"
  >
      <failure message="Lines should be &lt;= 140 characters long"/>
  </testcase>
  <testcase
    name="linelength (build/cmake_install.cmake:81)"
    classname="as2_knowledge_graph_integration.lint_cmake"
  >
      <failure message="Lines should be &lt;= 140 characters long"/>
  </testcase>
  <testcase
    name="linelength (build/cmake_install.cmake:85)"
    classname="as2_knowledge_graph_integration.lint_cmake"
  >
      <failure message="Lines should be &lt;= 140 characters long"/>
  </testcase>
  <testcase
    name="linelength (build/cmake_install.cmake:89)"
    classname="as2_knowledge_graph_integration.lint_cmake"
  >
      <failure message="Lines should be &lt;= 140 characters long"/>
  </testcase>
  <testcase
    name="linelength (build/cmake_install.cmake:93)"
    classname="as2_knowledge_graph_integration.lint_cmake"
  >
      <failure message="Lines should be &lt;= 140 characters long"/>
  </testcase>
  <testcase
    name="linelength (build/cmake_install.cmake:97)"
    classname="as2_knowledge_graph_integration.lint_cmake"
  >
      <failure message="Lines should be &lt;= 140 characters long"/>
  </testcase>
  <testcase
    name="linelength (build/cmake_install.cmake:101)"
    classname="as2_knowledge_graph_integration.lint_cmake"
  >
      <failure message="Lines should be &lt;= 140 characters long"/>
  </testcase>
  <testcase
    name="linelength (build/cmake_install.cmake:105)"
    classname="as2_knowledge_graph_integration.lint_cmake"
  >
      <failure message="Lines should be &lt;= 140 characters long"/>
  </testcase>
  <testcase
    name="linelength (build/cmake_install.cmake:109)"
    classname="as2_knowledge_graph_integration.lint_cmake"
  >
      <failure message="Lines should be &lt;= 140 characters long"/>
  </testcase>
  <testcase
    name="linelength (build/cmake_install.cmake:113)"
    classname="as2_knowledge_graph_integration.lint_cmake"
  >
      <failure message="Lines should be &lt;= 140 characters long"/>
  </testcase>
  <testcase
    name="linelength (build/cmake_install.cmake:117)"
    classname="as2_knowledge_graph_integration.lint_cmake"
  >
      <failure message="Lines should be &lt;= 140 characters long"/>
  </testcase>
  <testcase
    name="linelength (build/cmake_install.cmake:121)"
    classname="as2_knowledge_graph_integration.lint_cmake"
  >
      <failure message="Lines should be &lt;= 140 characters long"/>
  </testcase>
  <testcase
    name="whitespace/mismatch (build/cmake_install.cmake:125)"
    classname="as2_knowledge_graph_integration.lint_cmake"
  >
      <failure message="Mismatching spaces inside () after command"/>
  </testcase>
  <testcase
    name="linelength (build/cmake_install.cmake:132)"
    classname="as2_knowledge_graph_integration.lint_cmake"
  >
      <failure message="Lines should be &lt;= 140 characters long"/>
  </testcase>
  <testcase
    name="whitespace/indent (build/cmake_install.cmake:142)"
    classname="as2_knowledge_graph_integration.lint_cmake"
  >
      <failure message="Weird indentation; use 2 spaces"/>
  </testcase>
  <testcase
    name="whitespace/indent (build/cmake_install.cmake:144)"
    classname="as2_knowledge_graph_integration.lint_cmake"
  >
      <failure message="Weird indentation; use 2 spaces"/>
  </testcase>
  <testcase
    name="build/CMakeFiles/CMakeDirectoryInformation.cmake"
    classname="as2_knowledge_graph_integration.lint_cmake"/>
  <testcase
    name="whitespace/mismatch (build/CMakeFiles/Makefile.cmake:8)"
    classname="as2_knowledge_graph_integration.lint_cmake"
  >
      <failure message="Mismatching spaces inside () after command"/>
  </testcase>
  <testcase
    name="whitespace/mismatch (build/CMakeFiles/Makefile.cmake:1164)"
    classname="as2_knowledge_graph_integration.lint_cmake"
  >
      <failure message="Mismatching spaces inside () after command"/>
  </testcase>
  <testcase
    name="whitespace/mismatch (build/CMakeFiles/Makefile.cmake:1170)"
    classname="as2_knowledge_graph_integration.lint_cmake"
  >
      <failure message="Mismatching spaces inside () after command"/>
  </testcase>
  <testcase
    name="whitespace/mismatch (build/CMakeFiles/Makefile.cmake:1197)"
    classname="as2_knowledge_graph_integration.lint_cmake"
  >
      <failure message="Mismatching spaces inside () after command"/>
  </testcase>
  <testcase
    name="linelength (build/CMakeFiles/3.22.1/CMakeCCompiler.cmake:9)"
    classname="as2_knowledge_graph_integration.lint_cmake"
  >
      <failure message="Lines should be &lt;= 140 characters long"/>
  </testcase>
  <testcase
    name="linelength (build/CMakeFiles/3.22.1/CMakeCCompiler.cmake:69)"
    classname="as2_knowledge_graph_integration.lint_cmake"
  >
      <failure message="Lines should be &lt;= 140 characters long"/>
  </testcase>
  <testcase
    name="linelength (build/CMakeFiles/3.22.1/CMakeCXXCompiler.cmake:9)"
    classname="as2_knowledge_graph_integration.lint_cmake"
  >
      <failure message="Lines should be &lt;= 140 characters long"/>
  </testcase>
  <testcase
    name="linelength (build/CMakeFiles/3.22.1/CMakeCXXCompiler.cmake:11)"
    classname="as2_knowledge_graph_integration.lint_cmake"
  >
      <failure message="Lines should be &lt;= 140 characters long"/>
  </testcase>
  <testcase
    name="linelength (build/CMakeFiles/3.22.1/CMakeCXXCompiler.cmake:12)"
    classname="as2_knowledge_graph_integration.lint_cmake"
  >
      <failure message="Lines should be &lt;= 140 characters long"/>
  </testcase>
  <testcase
    name="whitespace/extra (build/CMakeFiles/3.22.1/CMakeCXXCompiler.cmake:42)"
    classname="as2_knowledge_graph_integration.lint_cmake"
  >
      <failure message="Extra spaces between 'foreach' and its ()"/>
  </testcase>
  <testcase
    name="whitespace/extra (build/CMakeFiles/3.22.1/CMakeCXXCompiler.cmake:43)"
    classname="as2_knowledge_graph_integration.lint_cmake"
  >
      <failure message="Extra spaces between 'if' and its ()"/>
  </testcase>
  <testcase
    name="linelength (build/CMakeFiles/3.22.1/CMakeCXXCompiler.cmake:80)"
    classname="as2_knowledge_graph_integration.lint_cmake"
  >
      <failure message="Lines should be &lt;= 140 characters long"/>
  </testcase>
  <testcase
    name="build/CMakeFiles/3.22.1/CMakeSystem.cmake"
    classname="as2_knowledge_graph_integration.lint_cmake"/>
  <testcase
    name="whitespace/mismatch (build/CMakeFiles/ament_cmake_python_build_as2_knowledge_graph_integration_egg.dir/DependInfo.cmake:6)"
    classname="as2_knowledge_graph_integration.lint_cmake"
  >
      <failure message="Mismatching spaces inside () after command"/>
  </testcase>
  <testcase
    name="whitespace/mismatch (build/CMakeFiles/ament_cmake_python_build_as2_knowledge_graph_integration_egg.dir/DependInfo.cmake:10)"
    classname="as2_knowledge_graph_integration.lint_cmake"
  >
      <failure message="Mismatching spaces inside () after command"/>
  </testcase>
  <testcase
    name="whitespace/mismatch (build/CMakeFiles/ament_cmake_python_build_as2_knowledge_graph_integration_egg.dir/DependInfo.cmake:14)"
    classname="as2_knowledge_graph_integration.lint_cmake"
  >
      <failure message="Mismatching spaces inside () after command"/>
  </testcase>
  <testcase
    name="whitespace/mismatch (build/CMakeFiles/ament_cmake_python_build_as2_knowledge_graph_integration_egg.dir/cmake_clean.cmake:6)"
    classname="as2_knowledge_graph_integration.lint_cmake"
  >
      <failure message="Mismatching spaces inside () after command"/>
  </testcase>
  <testcase
    name="whitespace/mismatch (build/CMakeFiles/ament_cmake_python_copy_as2_knowledge_graph_integration.dir/DependInfo.cmake:6)"
    classname="as2_knowledge_graph_integration.lint_cmake"
  >
      <failure message="Mismatching spaces inside () after command"/>
  </testcase>
  <testcase
    name="whitespace/mismatch (build/CMakeFiles/ament_cmake_python_copy_as2_knowledge_graph_integration.dir/DependInfo.cmake:10)"
    classname="as2_knowledge_graph_integration.lint_cmake"
  >
      <failure message="Mismatching spaces inside () after command"/>
  </testcase>
  <testcase
    name="whitespace/mismatch (build/CMakeFiles/ament_cmake_python_copy_as2_knowledge_graph_integration.dir/DependInfo.cmake:14)"
    classname="as2_knowledge_graph_integration.lint_cmake"
  >
      <failure message="Mismatching spaces inside () after command"/>
  </testcase>
  <testcase
    name="whitespace/mismatch (build/CMakeFiles/ament_cmake_python_copy_as2_knowledge_graph_integration.dir/cmake_clean.cmake:6)"
    classname="as2_knowledge_graph_integration.lint_cmake"
  >
      <failure message="Mismatching spaces inside () after command"/>
  </testcase>
  <testcase
    name="whitespace/mismatch (build/CMakeFiles/as2_knowledge_graph_integration_uninstall.dir/DependInfo.cmake:6)"
    classname="as2_knowledge_graph_integration.lint_cmake"
  >
      <failure message="Mismatching spaces inside () after command"/>
  </testcase>
  <testcase
    name="whitespace/mismatch (build/CMakeFiles/as2_knowledge_graph_integration_uninstall.dir/DependInfo.cmake:10)"
    classname="as2_knowledge_graph_integration.lint_cmake"
  >
      <failure message="Mismatching spaces inside () after command"/>
  </testcase>
  <testcase
    name="whitespace/mismatch (build/CMakeFiles/as2_knowledge_graph_integration_uninstall.dir/DependInfo.cmake:14)"
    classname="as2_knowledge_graph_integration.lint_cmake"
  >
      <failure message="Mismatching spaces inside () after command"/>
  </testcase>
  <testcase
    name="whitespace/mismatch (build/CMakeFiles/as2_knowledge_graph_integration_uninstall.dir/cmake_clean.cmake:6)"
    classname="as2_knowledge_graph_integration.lint_cmake"
  >
      <failure message="Mismatching spaces inside () after command"/>
  </testcase>
  <testcase
    name="whitespace/mismatch (build/CMakeFiles/uninstall.dir/DependInfo.cmake:6)"
    classname="as2_knowledge_graph_integration.lint_cmake"
  >
      <failure message="Mismatching spaces inside () after command"/>
  </testcase>
  <testcase
    name="whitespace/mismatch (build/CMakeFiles/uninstall.dir/DependInfo.cmake:10)"
    classname="as2_knowledge_graph_integration.lint_cmake"
  >
      <failure message="Mismatching spaces inside () after command"/>
  </testcase>
  <testcase
    name="whitespace/mismatch (build/CMakeFiles/uninstall.dir/DependInfo.cmake:14)"
    classname="as2_knowledge_graph_integration.lint_cmake"
  >
      <failure message="Mismatching spaces inside () after command"/>
  </testcase>
  <testcase
    name="whitespace/mismatch (build/CMakeFiles/uninstall.dir/cmake_clean.cmake:3)"
    classname="as2_knowledge_graph_integration.lint_cmake"
  >
      <failure message="Mismatching spaces inside () after command"/>
  </testcase>
  <testcase
    name="build/ament_cmake_core/as2_knowledge_graph_integrationConfig-version.cmake"
    classname="as2_knowledge_graph_integration.lint_cmake"/>
  <testcase
    name="build/ament_cmake_core/as2_knowledge_graph_integrationConfig.cmake"
    classname="as2_knowledge_graph_integration.lint_cmake"/>
  <testcase
    name="linelength (build/ament_cmake_core/package.cmake:4)"
    classname="as2_knowledge_graph_integration.lint_cmake"
  >
      <failure message="Lines should be &lt;= 140 characters long"/>
  </testcase>
  <testcase
    name="linelength (build/ament_cmake_core/package.cmake:6)"
    classname="as2_knowledge_graph_integration.lint_cmake"
  >
      <failure message="Lines should be &lt;= 140 characters long"/>
  </testcase>
  <testcase
    name="whitespace/mismatch (build/ament_cmake_core/package.cmake:7)"
    classname="as2_knowledge_graph_integration.lint_cmake"
  >
      <failure message="Mismatching spaces inside () after command"/>
  </testcase>
  <testcase
    name="linelength (build/ament_cmake_core/package.cmake:8)"
    classname="as2_knowledge_graph_integration.lint_cmake"
  >
      <failure message="Lines should be &lt;= 140 characters long"/>
  </testcase>
  <testcase
    name="whitespace/mismatch (build/ament_cmake_core/package.cmake:10)"
    classname="as2_knowledge_graph_integration.lint_cmake"
  >
      <failure message="Mismatching spaces inside () after command"/>
  </testcase>
  <testcase
    name="whitespace/mismatch (build/ament_cmake_core/package.cmake:11)"
    classname="as2_knowledge_graph_integration.lint_cmake"
  >
      <failure message="Mismatching spaces inside () after command"/>
  </testcase>
  <testcase
    name="linelength (build/ament_cmake_package_templates/templates.cmake:1)"
    classname="as2_knowledge_graph_integration.lint_cmake"
  >
      <failure message="Lines should be &lt;= 140 characters long"/>
  </testcase>
  <testcase
    name="linelength (build/ament_cmake_package_templates/templates.cmake:2)"
    classname="as2_knowledge_graph_integration.lint_cmake"
  >
      <failure message="Lines should be &lt;= 140 characters long"/>
  </testcase>
  <testcase
    name="linelength (build/ament_cmake_package_templates/templates.cmake:4)"
    classname="as2_knowledge_graph_integration.lint_cmake"
  >
      <failure message="Lines should be &lt;= 140 characters long"/>
  </testcase>
  <testcase
    name="linelength (build/ament_cmake_package_templates/templates.cmake:5)"
    classname="as2_knowledge_graph_integration.lint_cmake"
  >
      <failure message="Lines should be &lt;= 140 characters long"/>
  </testcase>
  <testcase
    name="linelength (build/ament_cmake_package_templates/templates.cmake:6)"
    classname="as2_knowledge_graph_integration.lint_cmake"
  >
      <failure message="Lines should be &lt;= 140 characters long"/>
  </testcase>
  <testcase
    name="linelength (build/ament_cmake_package_templates/templates.cmake:8)"
    classname="as2_knowledge_graph_integration.lint_cmake"
  >
      <failure message="Lines should be &lt;= 140 characters long"/>
  </testcase>
  <testcase
    name="linelength (build/ament_cmake_package_templates/templates.cmake:9)"
    classname="as2_knowledge_graph_integration.lint_cmake"
  >
      <failure message="Lines should be &lt;= 140 characters long"/>
  </testcase>
  <testcase
    name="linelength (build/ament_cmake_package_templates/templates.cmake:10)"
    classname="as2_knowledge_graph_integration.lint_cmake"
  >
      <failure message="Lines should be &lt;= 140 characters long"/>
  </testcase>
  <testcase
    name="linelength (build/ament_cmake_package_templates/templates.cmake:11)"
    classname="as2_knowledge_graph_integration.lint_cmake"
  >
      <failure message="Lines should be &lt;= 140 characters long"/>
  </testcase>
  <testcase
    name="linelength (build/ament_cmake_package_templates/templates.cmake:12)"
    classname="as2_knowledge_graph_integration.lint_cmake"
  >
      <failure message="Lines should be &lt;= 140 characters long"/>
  </testcase>
  <testcase
    name="linelength (build/ament_cmake_package_templates/templates.cmake:13)"
    classname="as2_knowledge_graph_integration.lint_cmake"
  >
      <failure message="Lines should be &lt;= 140 characters long"/>
  </testcase>
  <testcase
    name="linelength (build/ament_cmake_package_templates/templates.cmake:14)"
    classname="as2_knowledge_graph_integration.lint_cmake"
  >
      <failure message="Lines should be &lt;= 140 characters long"/>
  </testcase>
  <testcase
    name="build/ament_cmake_uninstall_target/ament_cmake_uninstall_target.cmake"
    classname="as2_knowledge_graph_integration.lint_cmake"/>
  <system-out>Checked files:
* CMakeLists.txt
* build/CTestCustom.cmake
* build/CTestTestfile.cmake
* build/cmake_install.cmake
* build/CMakeFiles/CMakeDirectoryInformation.cmake
* build/CMakeFiles/Makefile.cmake
* build/CMakeFiles/3.22.1/CMakeCCompiler.cmake
* build/CMakeFiles/3.22.1/CMakeCXXCompiler.cmake
* build/CMakeFiles/3.22.1/CMakeSystem.cmake
* build/CMakeFiles/ament_cmake_python_build_as2_knowledge_graph_integration_egg.dir/DependInfo.cmake
* build/CMakeFiles/ament_cmake_python_build_as2_knowledge_graph_integration_egg.dir/cmake_clean.cmake
* build/CMakeFiles/ament_cmake_python_copy_as2_knowledge_graph_integration.dir/DependInfo.cmake
* build/CMakeFiles/ament_cmake_python_copy_as2_knowledge_graph_integration.dir/cmake_clean.cmake
* build/CMakeFiles/as2_knowledge_graph_integration_uninstall.dir/DependInfo.cmake
* build/CMakeFiles/as2_knowledge_graph_integration_uninstall.dir/cmake_clean.cmake
* build/CMakeFiles/uninstall.dir/DependInfo.cmake
* build/CMakeFiles/uninstall.dir/cmake_clean.cmake
* build/ament_cmake_core/as2_knowledge_graph_integrationConfig-version.cmake
* build/ament_cmake_core/as2_knowledge_graph_integrationConfig.cmake
* build/ament_cmake_core/package.cmake
* build/ament_cmake_package_templates/templates.cmake
* build/ament_cmake_uninstall_target/ament_cmake_uninstall_target.cmake</system-out>
</testsuite>
