<?xml version="1.0" encoding="UTF-8"?>
<testsuite
  name="as2_knowledge_graph_integration.pep257"
  tests="9"
  errors="0"
  failures="4"
  time="0.067"
>
  <testcase
    name="./as2_knowledge_graph_integration/__init__.py"
    classname="as2_knowledge_graph_integration.pep257"/>
  <testcase
    name="D400 (./as2_knowledge_graph_integration/integration.py:69)"
    classname="as2_knowledge_graph_integration.pep257"
  >
      <failure message="D400: First line should end with a period (not 'c')"/>
  </testcase>
  <testcase
    name="D415 (./as2_knowledge_graph_integration/integration.py:69)"
    classname="as2_knowledge_graph_integration.pep257"
  >
      <failure message="D415: First line should end with a period, question mark, or exclamation point (not 'c')"/>
  </testcase>
  <testcase
    name="./as2_knowledge_graph_integration/utils.py"
    classname="as2_knowledge_graph_integration.pep257"/>
  <testcase
    name="./build/ament_cmake_python/as2_knowledge_graph_integration/as2_knowledge_graph_integration/__init__.py"
    classname="as2_knowledge_graph_integration.pep257"/>
  <testcase
    name="D400 (./build/ament_cmake_python/as2_knowledge_graph_integration/as2_knowledge_graph_integration/integration.py:69)"
    classname="as2_knowledge_graph_integration.pep257"
  >
      <failure message="D400: First line should end with a period (not 'c')"/>
  </testcase>
  <testcase
    name="D415 (./build/ament_cmake_python/as2_knowledge_graph_integration/as2_knowledge_graph_integration/integration.py:69)"
    classname="as2_knowledge_graph_integration.pep257"
  >
      <failure message="D415: First line should end with a period, question mark, or exclamation point (not 'c')"/>
  </testcase>
  <testcase
    name="./build/ament_cmake_python/as2_knowledge_graph_integration/as2_knowledge_graph_integration/utils.py"
    classname="as2_knowledge_graph_integration.pep257"/>
  <testcase
    name="./build/ament_cmake_python/as2_knowledge_graph_integration/setup.py"
    classname="as2_knowledge_graph_integration.pep257"/>
  <system-out>Checked files:
* ./as2_knowledge_graph_integration/__init__.py
* ./as2_knowledge_graph_integration/integration.py
* ./as2_knowledge_graph_integration/utils.py
* ./build/ament_cmake_python/as2_knowledge_graph_integration/as2_knowledge_graph_integration/__init__.py
* ./build/ament_cmake_python/as2_knowledge_graph_integration/as2_knowledge_graph_integration/integration.py
* ./build/ament_cmake_python/as2_knowledge_graph_integration/as2_knowledge_graph_integration/utils.py
* ./build/ament_cmake_python/as2_knowledge_graph_integration/setup.py</system-out>
</testsuite>
