<?xml version="1.0" encoding="UTF-8"?>
<Site BuildName="(empty)"
	BuildStamp="20240627-1025-Experimental"
	Name="carmendrpr-14Z90P-G-AA79B"
	Generator="ctest-3.22.1"
	CompilerName="/usr/bin/g++"
	CompilerVersion="11.4.0"
	OSName="Linux"
	Hostname="carmendrpr-14Z90P-G-AA79B"
	OSRelease="6.5.0-35-generic"
	OSVersion="#35~22.04.1-Ubuntu SMP PREEMPT_DYNAMIC Tue May  7 09:00:52 UTC 2"
	OSPlatform="x86_64"
	Is64Bits="1"
	VendorString="GenuineIntel"
	VendorID="Intel Corporation"
	FamilyID="6"
	ModelID="140"
	ProcessorCacheSize="12288"
	NumberOfLogicalCPU="8"
	NumberOfPhysicalCPU="4"
	TotalVirtualMemory="2047"
	TotalPhysicalMemory="15693"
	LogicalProcessorsPerPhysical="2"
	ProcessorClockFrequency="2777.63"
	>
	<Testing>
		<StartDateTime>Jun 27 14:02 CEST</StartDateTime>
		<StartTestTime>1719489763</StartTestTime>
		<TestList>
			<Test>./xmllint</Test>
		</TestList>
		<Test Status="passed">
			<Name>xmllint</Name>
			<Path>.</Path>
			<FullName>./xmllint</FullName>
			<FullCommandLine>/usr/bin/python3 "-u" "/opt/ros/humble/share/ament_cmake_test/cmake/run_test.py" "/home/carmendrpr/ros2_ws/src/as2_knowledge_graph_integration/build/test_results/as2_knowledge_graph_integration/xmllint.xunit.xml" "--package-name" "as2_knowledge_graph_integration" "--output-file" "/home/carmendrpr/ros2_ws/src/as2_knowledge_graph_integration/build/ament_xmllint/xmllint.txt" "--command" "/opt/ros/humble/bin/ament_xmllint" "--xunit-file" "/home/carmendrpr/ros2_ws/src/as2_knowledge_graph_integration/build/test_results/as2_knowledge_graph_integration/xmllint.xunit.xml"</FullCommandLine>
			<Results>
				<NamedMeasurement type="numeric/double" name="Execution Time">
					<Value>0.895241</Value>
				</NamedMeasurement>
				<NamedMeasurement type="numeric/double" name="Processors">
					<Value>1</Value>
				</NamedMeasurement>
				<NamedMeasurement type="text/string" name="Completion Status">
					<Value>Completed</Value>
				</NamedMeasurement>
				<NamedMeasurement type="text/string" name="Command Line">
					<Value>/usr/bin/python3 "-u" "/opt/ros/humble/share/ament_cmake_test/cmake/run_test.py" "/home/carmendrpr/ros2_ws/src/as2_knowledge_graph_integration/build/test_results/as2_knowledge_graph_integration/xmllint.xunit.xml" "--package-name" "as2_knowledge_graph_integration" "--output-file" "/home/carmendrpr/ros2_ws/src/as2_knowledge_graph_integration/build/ament_xmllint/xmllint.txt" "--command" "/opt/ros/humble/bin/ament_xmllint" "--xunit-file" "/home/carmendrpr/ros2_ws/src/as2_knowledge_graph_integration/build/test_results/as2_knowledge_graph_integration/xmllint.xunit.xml"</Value>
				</NamedMeasurement>
				<NamedMeasurement type="text/string" name="Environment">
					<Value>#CTEST_RESOURCE_GROUP_COUNT=</Value>
				</NamedMeasurement>
				<Measurement>
					<Value encoding="base64" compression="gzip">eJytlLluwzAMhnc/BTdPilyjaYo8QMZO3QVFom3BuqAjx9tXTjKkDdCiiDZKFD/+IkgSAiFbljCmlT9vQdmDm5UdYXBau+NiCWcMt7K4oKWTM0gFDwatDD7Q4GLPjpHGICgv5mzdUaMckY2B+4kpm7BYSTnbbhsgQJ1PSxSdstlrpHtlKS+0xE5G6/IcCDllqxIZlEZ4JiHdZ6UlXf7GAsasU/wz5CZidZGwKqdmt8hoPRczH3G5aUFFOHCtZHNzXvN8ljylXrTv+tfurd+Ql65fX25/i/qXOuH8OahxutNXh+u9mFDM9bHfi1mFOmg+43tl6KKTCVPIlcEefb/eVIZmK0Iu3TacK4Mf2v+e+uHAB1eG1sSyHrKVDfmxPQKmHGzZGBKhe/AeMBTFcNUCl/F+aqFUme+2+QL1CN1z====</Value>
				</Measurement>
			</Results>
			<Labels>
				<Label>linter</Label>
				<Label>xmllint</Label>
			</Labels>
		</Test>
		<EndDateTime>Jun 27 14:02 CEST</EndDateTime>
		<EndTestTime>1719489764</EndTestTime>
		<ElapsedMinutes>0</ElapsedMinutes>
	</Testing>
</Site>
